e:\项目\duilib-master\duilib\build\release\duilib.pch
e:\项目\duilib-master\duilib\build\release\vc120.pdb
e:\项目\duilib-master\duilib\build\release\stdafx.obj
e:\项目\duilib-master\duilib\build\release\uibutton.obj
e:\项目\duilib-master\duilib\build\release\uiactivex.obj
e:\项目\duilib-master\duilib\build\release\uiverticallayout.obj
e:\项目\duilib-master\duilib\build\release\uitilelayout.obj
e:\项目\duilib-master\duilib\build\release\uitablayout.obj
e:\项目\duilib-master\duilib\build\release\uihorizontallayout.obj
e:\项目\duilib-master\duilib\build\release\uichildlayout.obj
e:\项目\duilib-master\duilib\build\release\uirender.obj
e:\项目\duilib-master\duilib\build\release\uimarkup.obj
e:\项目\duilib-master\duilib\build\release\uimanager.obj
e:\项目\duilib-master\duilib\build\release\uidlgbuilder.obj
e:\项目\duilib-master\duilib\build\release\uicontrol.obj
e:\项目\duilib-master\duilib\build\release\uicontainer.obj
e:\项目\duilib-master\duilib\build\release\uibase.obj
e:\项目\duilib-master\duilib\build\release\wndshadow.obj
e:\项目\duilib-master\duilib\build\release\utils.obj
e:\项目\duilib-master\duilib\build\release\uidelegate.obj
e:\项目\duilib-master\duilib\build\release\winimplbase.obj
e:\项目\duilib-master\duilib\build\release\uilib.obj
e:\项目\duilib-master\duilib\build\release\uitreeview.obj
e:\项目\duilib-master\duilib\build\release\uiwebbrowser.obj
e:\项目\duilib-master\duilib\build\release\uitext.obj
e:\项目\duilib-master\duilib\build\release\uislider.obj
e:\项目\duilib-master\duilib\build\release\uiscrollbar.obj
e:\项目\duilib-master\duilib\build\release\uirichedit.obj
e:\项目\duilib-master\duilib\build\release\uiprogress.obj
e:\项目\duilib-master\duilib\build\release\uioption.obj
e:\项目\duilib-master\duilib\build\release\uilist.obj
e:\项目\duilib-master\duilib\build\release\uilabel.obj
e:\项目\duilib-master\duilib\build\release\uigifanim.obj
e:\项目\duilib-master\duilib\build\release\uiedit.obj
e:\项目\duilib-master\duilib\build\release\uidatetime.obj
e:\项目\duilib-master\duilib\build\release\uicombo.obj
e:\项目\duilib-master\duilib\build\release\uicheckbox.obj
e:\项目\duilib-master\duilib\build\release\stb_image.obj
e:\项目\duilib-master\duilib\build\release\xunzip.obj
e:\项目\duilib-master\lib\duilib.lib
e:\项目\duilib-master\lib\duilib.exp
e:\项目\duilib-master\bin\duilib.dll
e:\项目\duilib-master\duilib\build\release\duilib.tlog\cl.command.1.tlog
e:\项目\duilib-master\duilib\build\release\duilib.tlog\cl.read.1.tlog
e:\项目\duilib-master\duilib\build\release\duilib.tlog\cl.write.1.tlog
e:\项目\duilib-master\duilib\build\release\duilib.tlog\duilib.write.1u.tlog
e:\项目\duilib-master\duilib\build\release\duilib.tlog\link.command.1.tlog
e:\项目\duilib-master\duilib\build\release\duilib.tlog\link.read.1.tlog
e:\项目\duilib-master\duilib\build\release\duilib.tlog\link.write.1.tlog
