e:\软件\helloduilib\helloduilib\debug\helloduilib.pch
e:\软件\helloduilib\helloduilib\debug\vc120.pdb
e:\软件\helloduilib\helloduilib\debug\vc120.idb
e:\软件\helloduilib\helloduilib\debug\stdafx.obj
e:\软件\helloduilib\helloduilib\debug\helloduilib.obj
e:\软件\helloduilib\helloduilib\debug\helloduilibwnd.obj
e:\软件\helloduilib\debug\helloduilib.ilk
e:\软件\helloduilib\debug\helloduilib.exe
e:\软件\helloduilib\debug\helloduilib.pdb
e:\软件\helloduilib\helloduilib\debug\helloduilib.res
e:\软件\helloduilib\helloduilib\debug\msado15.tli
e:\软件\helloduilib\helloduilib\debug\msadox.tli
e:\软件\helloduilib\helloduilib\debug\msado15.tlh
e:\软件\helloduilib\helloduilib\debug\msadox.tlh
e:\软件\helloduilib\helloduilib\debug\helloduilib.tlog\cl.command.1.tlog
e:\软件\helloduilib\helloduilib\debug\helloduilib.tlog\cl.read.1.tlog
e:\软件\helloduilib\helloduilib\debug\helloduilib.tlog\cl.write.1.tlog
e:\软件\helloduilib\helloduilib\debug\helloduilib.tlog\link.command.1.tlog
e:\软件\helloduilib\helloduilib\debug\helloduilib.tlog\link.read.1.tlog
e:\软件\helloduilib\helloduilib\debug\helloduilib.tlog\link.write.1.tlog
e:\软件\helloduilib\helloduilib\debug\helloduilib.tlog\rc.command.1.tlog
e:\软件\helloduilib\helloduilib\debug\helloduilib.tlog\rc.read.1.tlog
e:\软件\helloduilib\helloduilib\debug\helloduilib.tlog\rc.write.1.tlog
