e:\项目\duilib-master\duilib\build\release_u\duilib.pch
e:\项目\duilib-master\duilib\build\release_u\vc120.pdb
e:\项目\duilib-master\duilib\build\release_u\stdafx.obj
e:\项目\duilib-master\duilib\build\release_u\uibutton.obj
e:\项目\duilib-master\duilib\build\release_u\uiactivex.obj
e:\项目\duilib-master\duilib\build\release_u\uiverticallayout.obj
e:\项目\duilib-master\duilib\build\release_u\uitilelayout.obj
e:\项目\duilib-master\duilib\build\release_u\uitablayout.obj
e:\项目\duilib-master\duilib\build\release_u\uihorizontallayout.obj
e:\项目\duilib-master\duilib\build\release_u\uichildlayout.obj
e:\项目\duilib-master\duilib\build\release_u\uirender.obj
e:\项目\duilib-master\duilib\build\release_u\uimarkup.obj
e:\项目\duilib-master\duilib\build\release_u\uimanager.obj
e:\项目\duilib-master\duilib\build\release_u\uidlgbuilder.obj
e:\项目\duilib-master\duilib\build\release_u\uicontrol.obj
e:\项目\duilib-master\duilib\build\release_u\uicontainer.obj
e:\项目\duilib-master\duilib\build\release_u\uibase.obj
e:\项目\duilib-master\duilib\build\release_u\wndshadow.obj
e:\项目\duilib-master\duilib\build\release_u\utils.obj
e:\项目\duilib-master\duilib\build\release_u\uidelegate.obj
e:\项目\duilib-master\duilib\build\release_u\winimplbase.obj
e:\项目\duilib-master\duilib\build\release_u\uilib.obj
e:\项目\duilib-master\duilib\build\release_u\uitreeview.obj
e:\项目\duilib-master\duilib\build\release_u\uiwebbrowser.obj
e:\项目\duilib-master\duilib\build\release_u\uitext.obj
e:\项目\duilib-master\duilib\build\release_u\uislider.obj
e:\项目\duilib-master\duilib\build\release_u\uiscrollbar.obj
e:\项目\duilib-master\duilib\build\release_u\uirichedit.obj
e:\项目\duilib-master\duilib\build\release_u\uiprogress.obj
e:\项目\duilib-master\duilib\build\release_u\uioption.obj
e:\项目\duilib-master\duilib\build\release_u\uilist.obj
e:\项目\duilib-master\duilib\build\release_u\uilabel.obj
e:\项目\duilib-master\duilib\build\release_u\uigifanim.obj
e:\项目\duilib-master\duilib\build\release_u\uiedit.obj
e:\项目\duilib-master\duilib\build\release_u\uidatetime.obj
e:\项目\duilib-master\duilib\build\release_u\uicombo.obj
e:\项目\duilib-master\duilib\build\release_u\uicheckbox.obj
e:\项目\duilib-master\duilib\build\release_u\stb_image.obj
e:\项目\duilib-master\duilib\build\release_u\xunzip.obj
e:\项目\duilib-master\lib\duilib_u.lib
e:\项目\duilib-master\lib\duilib_u.exp
e:\项目\duilib-master\bin\duilib_u.dll
e:\项目\duilib-master\duilib\build\release_u\duilib.tlog\cl.command.1.tlog
e:\项目\duilib-master\duilib\build\release_u\duilib.tlog\cl.read.1.tlog
e:\项目\duilib-master\duilib\build\release_u\duilib.tlog\cl.write.1.tlog
e:\项目\duilib-master\duilib\build\release_u\duilib.tlog\duilib.write.1u.tlog
e:\项目\duilib-master\duilib\build\release_u\duilib.tlog\link.command.1.tlog
e:\项目\duilib-master\duilib\build\release_u\duilib.tlog\link.read.1.tlog
e:\项目\duilib-master\duilib\build\release_u\duilib.tlog\link.write.1.tlog
